17:11:04 | INFO | ========== PYTEST E2E STARTED ==========
17:11:04 | INFO | Opening Myntra website
17:11:08 | INFO | ✅ ASSERT PASSED: Page title contains 'Myntra' → 'Online Shopping for Women, Men, Kids Fashion & Lifestyle - Myntra'
17:11:08 | INFO | Hovering on Home & Living menu
17:11:10 | INFO | ✅ ASSERT PASSED: 'Aromas & Candles' submenu item is visible in dropdown
17:11:10 | INFO | Selecting Aromas & Candles category
17:11:14 | INFO | ✅ ASSERT PASSED: Category URL contains expected keyword → 'https://www.myntra.com/aroma-oil-diffusers-aroma-oils-air-freshener-handheld-air-fresheners-home-fragrances-home-fragrance-set-candles'
17:11:14 | INFO | ✅ ASSERT PASSED: Page <h1> heading contains expected keyword → 'Aroma Oil Diffusers Oils Air Freshener Handheld Fresheners Home Fragrances Fragrance Set Candles'
17:11:14 | INFO | Opening first product
17:11:14 | INFO | ✅ ASSERT PASSED: New product tab opened → total tabs: 2
17:11:14 | INFO | Switching to product tab
17:11:16 | INFO | ✅ ASSERT PASSED: 'Add to Bag' button is visible and clickable on product page
17:11:16 | INFO | Adding product to bag
17:11:26 | INFO | Bag count indicator not found; continuing
17:11:26 | INFO | Opening shopping bag
17:11:30 | INFO | Verifying product in cart
17:11:30 | INFO | ✅ ASSERT PASSED: Product is present in shopping cart
17:11:30 | INFO | Clicking PLACE ORDER
17:11:32 | INFO | ✅ ASSERT PASSED: Redirected to Login/Checkout page → 'https://www.myntra.com/login?referer=/checkout/cart'
17:11:32 | INFO | Entering mobile number
17:11:35 | INFO | Waiting for OTP flow (manual step – up to 30 s)
17:12:05 | INFO | ✅ ASSERT PASSED: Second CONTINUE button found and clicked after OTP
17:12:27 | INFO | ✅ ASSERT PASSED: OTP completed, redirected to checkout/cart → 'https://www.myntra.com/checkout/cart?loggedIn=true'
17:12:28 | INFO | ✅ ASSERT PASSED: Final cart contains 4 product(s) after login
17:12:28 | INFO | ========== TEST PASSED ==========
17:12:32 | INFO | ========== START TEST: table_lamps ==========
17:12:36 | INFO | ✅ ASSERT PASSED: Title contains 'Myntra' → 'Online Shopping for Women, Men, Kids Fashion & Lifestyle - Myntra'
17:12:37 | INFO | ✅ ASSERT PASSED: Home & Living nav menu is visible after hover
17:12:40 | INFO | ✅ ASSERT PASSED: Category URL contains 'tablelamp' → https://www.myntra.com/tablelamp
17:12:40 | INFO | ========== TEST COMPLETED: table_lamps ==========
17:12:44 | INFO | ========== START TEST: cups_mugs ==========
17:12:46 | INFO | ✅ ASSERT PASSED: Title contains 'Myntra' → 'Online Shopping for Women, Men, Kids Fashion & Lifestyle - Myntra'
17:12:47 | INFO | ✅ ASSERT PASSED: Home & Living nav menu is visible after hover
17:12:50 | INFO | ✅ ASSERT PASSED: Category URL contains 'cups-and-mugs' → https://www.myntra.com/cups-and-mugs
17:12:50 | INFO | Sort dropdown clicked for option: Price: High to Low
17:12:50 | INFO | ✅ ASSERT PASSED: Sort dropdown list is visible
17:12:51 | INFO | ✅ ASSERT PASSED: Sort 'Price: High to Low' applied — page still active at https://www.myntra.com/cups-and-mugs?sort=price_desc
17:12:51 | INFO | ========== TEST COMPLETED: cups_mugs ==========
17:12:55 | INFO | ========== START TEST: door_mats ==========
17:12:58 | INFO | ✅ ASSERT PASSED: Title contains 'Myntra' → 'Online Shopping for Women, Men, Kids Fashion & Lifestyle - Myntra'
17:13:00 | INFO | ✅ ASSERT PASSED: Home & Living nav menu is visible after hover
17:13:03 | INFO | ✅ ASSERT PASSED: Category URL contains 'doormats' → https://www.myntra.com/doormats
17:13:03 | INFO | ✅ ASSERT PASSED: Brand checkbox 'Aura' found in DOM
17:13:03 | INFO | Brand filter 'Aura' label clicked via JS
17:13:04 | INFO | ✅ ASSERT PASSED: Brand 'Aura' checkbox is now checked/selected
17:13:04 | INFO | ========== TEST COMPLETED: door_mats ==========
17:13:09 | INFO | ========== START TEST: bathroom_accessories ==========
17:13:13 | INFO | ✅ ASSERT PASSED: Title contains 'Myntra' → 'Online Shopping for Women, Men, Kids Fashion & Lifestyle - Myntra'
17:13:14 | INFO | ✅ ASSERT PASSED: Home & Living nav menu is visible after hover
17:13:18 | INFO | ✅ ASSERT PASSED: Category URL contains 'bathroom-accessories' → https://www.myntra.com/bathroom-accessories
17:13:18 | INFO | Sort dropdown clicked for option: Popularity
17:13:18 | INFO | ✅ ASSERT PASSED: Sort dropdown list is visible
17:13:19 | INFO | ✅ ASSERT PASSED: Sort 'Popularity' applied — page still active at https://www.myntra.com/bathroom-accessories?sort=popularity
17:13:19 | INFO | ========== TEST COMPLETED: bathroom_accessories ==========
17:13:23 | INFO | ========== START TEST: organisers_negative ==========
17:13:26 | INFO | ✅ ASSERT PASSED: Title contains 'Myntra' → 'Online Shopping for Women, Men, Kids Fashion & Lifestyle - Myntra'
17:13:28 | INFO | ✅ ASSERT PASSED: Home & Living nav menu is visible after hover
17:13:31 | INFO | ✅ ASSERT PASSED: Category URL contains 'organisers' → https://www.myntra.com/organisers
17:13:34 | INFO | Checking absence of invalid filters on organisers page
17:13:44 | INFO | ✅ ASSERT PASSED: 'Bed Size' filter correctly absent
17:13:54 | INFO | ✅ ASSERT PASSED: 'Small' filter option correctly absent
17:13:54 | INFO | ========== TEST COMPLETED: organisers_negative ==========
17:13:58 | INFO | ========== START TEST: bedsheets_negative ==========
17:14:01 | INFO | ✅ ASSERT PASSED: Title contains 'Myntra' → 'Online Shopping for Women, Men, Kids Fashion & Lifestyle - Myntra'
17:14:03 | INFO | ✅ ASSERT PASSED: Home & Living nav menu is visible after hover
17:14:06 | INFO | ✅ ASSERT PASSED: Category URL contains 'bedsheets' → https://www.myntra.com/bedsheets
17:14:06 | INFO | Sort dropdown opened for negative check
17:14:16 | INFO | ✅ ASSERT PASSED: Invalid sort option 'free' correctly absent from dropdown
17:14:16 | INFO | ========== TEST COMPLETED: bedsheets_negative ==========
